<?xml version="1.0" encoding="UTF-8"?>
<testng-results ignored="0" total="2" passed="2" failed="0" skipped="0">
  <reporter-output>
  </reporter-output>
  <suite started-at="2023-02-02T14:35:31 IST" name="Suite" finished-at="2023-02-02T14:37:20 IST" duration-ms="108554">
    <groups>
    </groups>
    <test started-at="2023-02-02T14:35:31 IST" name="Test" finished-at="2023-02-02T14:37:20 IST" duration-ms="108554">
      <class name="aPages.Alogin">
        <test-method signature="LogNavigate()[pri:0, instance:aPages.Alogin@5c2375a9]" started-at="2023-02-02T14:36:34 IST" name="LogNavigate" finished-at="2023-02-02T14:37:20 IST" duration-ms="45788" status="PASS">
          <reporter-output>
          </reporter-output>
        </test-method> <!-- LogNavigate -->
      </class> <!-- aPages.Alogin -->
      <class name="aPages.AHome">
        <test-method signature="aNavigate()[pri:0, instance:aPages.AHome@56673b2c]" started-at="2023-02-02T14:35:31 IST" name="aNavigate" finished-at="2023-02-02T14:36:34 IST" duration-ms="62736" status="PASS">
          <reporter-output>
          </reporter-output>
        </test-method> <!-- aNavigate -->
      </class> <!-- aPages.AHome -->
    </test> <!-- Test -->
  </suite> <!-- Suite -->
</testng-results>
